#
# There is insufficient memory for the Java Runtime Environment to continue.
# Native memory allocation (mmap) failed to map 536870912 bytes for G1 virtual space
# Possible reasons:
#   The system is out of physical RAM or swap space
#   The process is running with CompressedOops enabled, and the Java Heap may be blocking the growth of the native heap
# Possible solutions:
#   Reduce memory load on the system
#   Increase physical memory or swap space
#   Check if swap backing store is full
#   Decrease Java heap size (-Xmx/-Xms)
#   Decrease number of Java threads
#   Decrease Java thread stack sizes (-Xss)
#   Set larger code cache with -XX:ReservedCodeCacheSize=
#   JVM is running with Zero Based Compressed Oops mode in which the Java heap is
#     placed in the first 32GB address space. The Java Heap base address is the
#     maximum limit for the native heap growth. Please use -XX:HeapBaseMinAddress
#     to set the Java Heap base and to place the Java Heap above 32GB virtual address.
# This output file may be truncated or incomplete.
#
#  Out of Memory Error (os_windows.cpp:3528), pid=1700, tid=21212
#
# JRE version:  (20.0.2+9) (build )
# Java VM: OpenJDK 64-Bit Server VM (20.0.2+9-78, mixed mode, sharing, tiered, compressed oops, compressed class ptrs, g1 gc, windows-amd64)
# No core dump will be written. Minidumps are not enabled by default on client versions of Windows
#

---------------  S U M M A R Y ------------

Command Line: -Dmaven.multiModuleProjectDirectory=C:\Users\ASUS H510M-K\Downloads\Levelsystem -Djansi.passthrough=true -Dmaven.home=C:\Program Files\JetBrains\IntelliJ IDEA Community Edition 2023.2\plugins\maven\lib\maven3 -Dclassworlds.conf=C:\Program Files\JetBrains\IntelliJ IDEA Community Edition 2023.2\plugins\maven\lib\maven3\bin\m2.conf -Dmaven.ext.class.path=C:\Program Files\JetBrains\IntelliJ IDEA Community Edition 2023.2\plugins\maven\lib\maven-event-listener.jar -javaagent:C:\Program Files\JetBrains\IntelliJ IDEA Community Edition 2023.2\lib\idea_rt.jar=54495:C:\Program Files\JetBrains\IntelliJ IDEA Community Edition 2023.2\bin -Dfile.encoding=UTF-8 -Dsun.stdout.encoding=UTF-8 -Dsun.stderr.encoding=UTF-8 org.codehaus.classworlds.Launcher -Didea.version=2023.2.7 package

Host: 11th Gen Intel(R) Core(TM) i9-11900K @ 3.50GHz, 16 cores, 31G,  Windows 11 , 64 bit Build 22621 (10.0.22621.3672)
Time: Sat Jul  6 22:48:15 2024 Mitteleuropäische Sommerzeit elapsed time: 0.009762 seconds (0d 0h 0m 0s)

---------------  T H R E A D  ---------------

Current thread (0x0000027acdae4e40):  JavaThread "Unknown thread" [_thread_in_vm, id=21212, stack(0x000000e980300000,0x000000e980400000)]

Stack: [0x000000e980300000,0x000000e980400000]
Native frames: (J=compiled Java code, j=interpreted, Vv=VM code, C=native code)
V  [jvm.dll+0x6bc25a]
V  [jvm.dll+0x84971a]
V  [jvm.dll+0x84b315]
V  [jvm.dll+0x84ba13]
V  [jvm.dll+0x280e4f]
V  [jvm.dll+0x6b8fe9]
V  [jvm.dll+0x6adbca]
V  [jvm.dll+0x35b165]
V  [jvm.dll+0x363386]
V  [jvm.dll+0x3b400e]
V  [jvm.dll+0x3b4295]
V  [jvm.dll+0x32b86a]
V  [jvm.dll+0x32c68b]
V  [jvm.dll+0x8123df]
V  [jvm.dll+0x3c1261]
V  [jvm.dll+0x7fe103]
V  [jvm.dll+0x44ccaf]
V  [jvm.dll+0x44e621]
C  [jli.dll+0x5287]
C  [ucrtbase.dll+0x29333]
C  [KERNEL32.DLL+0x1257d]
C  [ntdll.dll+0x5af28]


---------------  P R O C E S S  ---------------

Threads class SMR info:
_java_thread_list=0x00007fffdd5db118, length=0, elements={
}

Java Threads: ( => current thread )

Other Threads:
  0x0000027acdb947e0 WorkerThread "GC Thread#0" [stack: 0x000000e980400000,0x000000e980500000] [id=15752]
  0x0000027af0428000 ConcurrentGCThread "G1 Main Marker" [stack: 0x000000e980500000,0x000000e980600000] [id=8420]
  0x0000027af0428a30 WorkerThread "G1 Conc#0" [stack: 0x000000e980600000,0x000000e980700000] [id=20056]

[error occurred during error reporting (printing all threads), id 0xc0000005, EXCEPTION_ACCESS_VIOLATION (0xc0000005) at pc=0x00007fffdcdbeea7]
VM state: not at safepoint (not fully initialized)

VM Mutex/Monitor currently owned by a thread:  ([mutex/lock_event])
[0x0000027acdae4bc0] Heap_lock - owner thread: 0x0000027acdae4e40

Heap address: 0x0000000602800000, size: 8152 MB, Compressed Oops mode: Zero based, Oop shift amount: 3

CDS archive(s) mapped at: [0x0000000000000000-0x0000000000000000-0x0000000000000000), size 0, SharedBaseAddress: 0x0000000800000000, ArchiveRelocationMode: 1.
Narrow klass base: 0x0000000000000000, Narrow klass shift: 0, Narrow klass range: 0x0

GC Precious Log:
 CardTable entry size: 512
 Card Set container configuration: InlinePtr #cards 4 size 8 Array Of Cards #cards 32 size 80 Howl #buckets 8 coarsen threshold 7372 Howl Bitmap #cards 1024 size 144 coarsen threshold 921 Card regions per heap region 1 cards per card region 8192

Heap:
 garbage-first heap   total 0K, used 0K [0x0000000602800000, 0x0000000800000000)
  region size 4096K, 0 young (0K), 0 survivors (0K)

[error occurred during error reporting (printing heap information), id 0xc0000005, EXCEPTION_ACCESS_VIOLATION (0xc0000005) at pc=0x00007fffdd1947b9]
GC Heap History (0 events):
No events

Dll operation events (1 events):
Event: 0.006 Loaded shared library C:\Users\ASUS H510M-K\.jdks\openjdk-20.0.2\bin\java.dll

Deoptimization events (0 events):
No events

Classes loaded (0 events):
No events

Classes unloaded (0 events):
No events

Classes redefined (0 events):
No events

Internal exceptions (0 events):
No events

VM Operations (0 events):
No events

Events (0 events):
No events


Dynamic libraries:
0x00007ff6f2a80000 - 0x00007ff6f2a8e000 	C:\Users\ASUS H510M-K\.jdks\openjdk-20.0.2\bin\java.exe
0x00007ff841a30000 - 0x00007ff841c47000 	C:\Windows\SYSTEM32\ntdll.dll
0x00007ff840410000 - 0x00007ff8404d4000 	C:\Windows\System32\KERNEL32.DLL
0x00007ff83f3c0000 - 0x00007ff83f76d000 	C:\Windows\System32\KERNELBASE.dll
0x00007ff83f180000 - 0x00007ff83f291000 	C:\Windows\System32\ucrtbase.dll
0x00007ff812220000 - 0x00007ff812237000 	C:\Users\ASUS H510M-K\.jdks\openjdk-20.0.2\bin\jli.dll
0x00007ff8128e0000 - 0x00007ff8128fb000 	C:\Users\ASUS H510M-K\.jdks\openjdk-20.0.2\bin\VCRUNTIME140.dll
0x00007ff840dc0000 - 0x00007ff840f6e000 	C:\Windows\System32\USER32.dll
0x00007ff83f120000 - 0x00007ff83f146000 	C:\Windows\System32\win32u.dll
0x00007ff840560000 - 0x00007ff840589000 	C:\Windows\System32\GDI32.dll
0x00007ff83df70000 - 0x00007ff83e203000 	C:\Windows\WinSxS\amd64_microsoft.windows.common-controls_6595b64144ccf1df_6.0.22621.3672_none_2713b9d173822955\COMCTL32.dll
0x00007ff83f2a0000 - 0x00007ff83f3b9000 	C:\Windows\System32\gdi32full.dll
0x00007ff840980000 - 0x00007ff840a27000 	C:\Windows\System32\msvcrt.dll
0x00007ff83ef10000 - 0x00007ff83efaa000 	C:\Windows\System32\msvcp_win.dll
0x00007ff840590000 - 0x00007ff8405c1000 	C:\Windows\System32\IMM32.DLL
0x00007ff81f9f0000 - 0x00007ff81f9fc000 	C:\Users\ASUS H510M-K\.jdks\openjdk-20.0.2\bin\vcruntime140_1.dll
0x00007ff80b9f0000 - 0x00007ff80ba7e000 	C:\Users\ASUS H510M-K\.jdks\openjdk-20.0.2\bin\msvcp140.dll
0x00007fffdca80000 - 0x00007fffdd718000 	C:\Users\ASUS H510M-K\.jdks\openjdk-20.0.2\bin\server\jvm.dll
0x00007ff840f70000 - 0x00007ff841022000 	C:\Windows\System32\ADVAPI32.dll
0x00007ff8406c0000 - 0x00007ff840769000 	C:\Windows\System32\sechost.dll
0x00007ff83f150000 - 0x00007ff83f178000 	C:\Windows\System32\bcrypt.dll
0x00007ff840030000 - 0x00007ff840144000 	C:\Windows\System32\RPCRT4.dll
0x00007ff81b1f0000 - 0x00007ff81b1f9000 	C:\Windows\SYSTEM32\WSOCK32.dll
0x00007ff83a2d0000 - 0x00007ff83a2da000 	C:\Windows\SYSTEM32\VERSION.dll
0x00007ff832df0000 - 0x00007ff832e24000 	C:\Windows\SYSTEM32\WINMM.dll
0x00007ff8404e0000 - 0x00007ff840551000 	C:\Windows\System32\WS2_32.dll
0x00007ff83d500000 - 0x00007ff83d518000 	C:\Windows\SYSTEM32\kernel.appcore.dll
0x00007ff812210000 - 0x00007ff81221a000 	C:\Users\ASUS H510M-K\.jdks\openjdk-20.0.2\bin\jimage.dll
0x00007ff83e6b0000 - 0x00007ff83e8e2000 	C:\Windows\SYSTEM32\DBGHELP.DLL
0x00007ff840a30000 - 0x00007ff840db8000 	C:\Windows\System32\combase.dll
0x00007ff840770000 - 0x00007ff840847000 	C:\Windows\System32\OLEAUT32.dll
0x00007ff83e550000 - 0x00007ff83e582000 	C:\Windows\SYSTEM32\dbgcore.DLL
0x00007ff83ed60000 - 0x00007ff83eddb000 	C:\Windows\System32\bcryptPrimitives.dll
0x00007ff812010000 - 0x00007ff81201e000 	C:\Users\ASUS H510M-K\.jdks\openjdk-20.0.2\bin\instrument.dll
0x00007ff811e50000 - 0x00007ff811e76000 	C:\Users\ASUS H510M-K\.jdks\openjdk-20.0.2\bin\java.dll

dbghelp: loaded successfully - version: 4.0.5 - missing functions: none
symbol engine: initialized successfully - sym options: 0x614 - pdb path: .;C:\Users\ASUS H510M-K\.jdks\openjdk-20.0.2\bin;C:\Windows\SYSTEM32;C:\Windows\WinSxS\amd64_microsoft.windows.common-controls_6595b64144ccf1df_6.0.22621.3672_none_2713b9d173822955;C:\Users\ASUS H510M-K\.jdks\openjdk-20.0.2\bin\server

VM Arguments:
jvm_args: -Dmaven.multiModuleProjectDirectory=C:\Users\ASUS H510M-K\Downloads\Levelsystem -Djansi.passthrough=true -Dmaven.home=C:\Program Files\JetBrains\IntelliJ IDEA Community Edition 2023.2\plugins\maven\lib\maven3 -Dclassworlds.conf=C:\Program Files\JetBrains\IntelliJ IDEA Community Edition 2023.2\plugins\maven\lib\maven3\bin\m2.conf -Dmaven.ext.class.path=C:\Program Files\JetBrains\IntelliJ IDEA Community Edition 2023.2\plugins\maven\lib\maven-event-listener.jar -javaagent:C:\Program Files\JetBrains\IntelliJ IDEA Community Edition 2023.2\lib\idea_rt.jar=54495:C:\Program Files\JetBrains\IntelliJ IDEA Community Edition 2023.2\bin -Dfile.encoding=UTF-8 -Dsun.stdout.encoding=UTF-8 -Dsun.stderr.encoding=UTF-8 
java_command: org.codehaus.classworlds.Launcher -Didea.version=2023.2.7 package
java_class_path (initial): C:\Program Files\JetBrains\IntelliJ IDEA Community Edition 2023.2\plugins\maven\lib\maven3\boot\plexus-classworlds-2.7.0.jar;C:\Program Files\JetBrains\IntelliJ IDEA Community Edition 2023.2\plugins\maven\lib\maven3\boot\plexus-classworlds.license
Launcher Type: SUN_STANDARD

[Global flags]
     intx CICompilerCount                          = 12                                        {product} {ergonomic}
     uint ConcGCThreads                            = 3                                         {product} {ergonomic}
     uint G1ConcRefinementThreads                  = 13                                        {product} {ergonomic}
   size_t G1HeapRegionSize                         = 4194304                                   {product} {ergonomic}
    uintx GCDrainStackTargetSize                   = 64                                        {product} {ergonomic}
   size_t InitialHeapSize                          = 536870912                                 {product} {ergonomic}
   size_t MarkStackSize                            = 4194304                                   {product} {ergonomic}
   size_t MaxHeapSize                              = 8547991552                                {product} {ergonomic}
   size_t MinHeapDeltaBytes                        = 4194304                                   {product} {ergonomic}
   size_t MinHeapSize                              = 8388608                                   {product} {ergonomic}
    uintx NonNMethodCodeHeapSize                   = 7602480                                {pd product} {ergonomic}
    uintx NonProfiledCodeHeapSize                  = 122027880                              {pd product} {ergonomic}
    uintx ProfiledCodeHeapSize                     = 122027880                              {pd product} {ergonomic}
    uintx ReservedCodeCacheSize                    = 251658240                              {pd product} {ergonomic}
     bool SegmentedCodeCache                       = true                                      {product} {ergonomic}
   size_t SoftMaxHeapSize                          = 8547991552                             {manageable} {ergonomic}
     bool UseCompressedClassPointers               = true                           {product lp64_product} {ergonomic}
     bool UseCompressedOops                        = true                           {product lp64_product} {ergonomic}
     bool UseG1GC                                  = true                                      {product} {ergonomic}
     bool UseLargePagesIndividualAllocation        = false                                  {pd product} {ergonomic}

Logging:
Log output configuration:
 #0: stdout all=warning uptime,level,tags foldmultilines=false
 #1: stderr all=off uptime,level,tags foldmultilines=false

Environment Variables:
PATH=C:\Program Files\Eclipse Adoptium\jdk-21.0.3.9-hotspot\bin;C:\Program Files (x86)\Common Files\Oracle\Java\java8path;C:\Program Files (x86)\Common Files\Oracle\Java\javapath;C:\Program Files (x86)\Razer Chroma SDK\bin;C:\Program Files\Razer Chroma SDK\bin;C:\Program Files (x86)\Razer\ChromaBroadcast\bin;C:\Program Files\Razer\ChromaBroadcast\bin;C:\Windows\system32;C:\Windows;C:\Windows\System32\Wbem;C:\Windows\System32\WindowsPowerShell\v1.0\;C:\Windows\System32\OpenSSH\;C:\Program Files (x86)\NVIDIA Corporation\PhysX\Common;C:\Program Files\NVIDIA Corporation\NVIDIA NvDLISR;C:\Windows\syswow64\config\systemprofile\AppData\Local\Microsoft\WindowsApps;C:\Users\ASUS H510M-K\AppData\Local\Microsoft\WindowsApps;C:\Program Files\dotnet\;C:\Users\ASUS H510M-K\AppData\Local\Microsoft\WindowsApps;
USERNAME=Kolja
OS=Windows_NT
PROCESSOR_IDENTIFIER=Intel64 Family 6 Model 167 Stepping 1, GenuineIntel
TMP=C:\Users\ASUSH5~1\AppData\Local\Temp
TEMP=C:\Users\ASUSH5~1\AppData\Local\Temp




---------------  S Y S T E M  ---------------

OS:
 Windows 11 , 64 bit Build 22621 (10.0.22621.3672)
OS uptime: 2 days 3:49 hours
Hyper-V role detected

CPU: total 16 (initial active 16) (8 cores per cpu, 2 threads per core) family 6 model 167 stepping 1 microcode 0x54, cx8, cmov, fxsr, ht, mmx, 3dnowpref, sse, sse2, sse3, ssse3, sse4.1, sse4.2, popcnt, lzcnt, tsc, tscinvbit, avx, avx2, aes, erms, clmul, bmi1, bmi2, adx, avx512f, avx512dq, avx512cd, avx512bw, avx512vl, sha, fma, vzeroupper, avx512_vpopcntdq, avx512_vpclmulqdq, avx512_vaes, avx512_vnni, clflush, clflushopt, avx512_vbmi2, avx512_vbmi, hv, rdtscp, rdpid, fsrm, gfni, avx512_bitalg, f16c, avx512_ifma

Memory: 4k page, system-wide physical 32605M (4129M free)
TotalPageFile size 47605M (AvailPageFile size 450M)
current process WorkingSet (physical memory assigned to process): 11M, peak: 11M
current process commit charge ("private bytes"): 71M, peak: 583M

vm_info: OpenJDK 64-Bit Server VM (20.0.2+9-78) for windows-amd64 JRE (20.0.2+9-78), built on 2023-06-14T10:08:48Z by "mach5one" with MS VC++ 17.1 (VS2022)

END.
